app/build/outputs/logs/manifest-merger-debug-report.txt
-- Merging decision tree log ---
manifest
ADDED from src\main\AndroidManifest.xml:2:1-62:12
	xmlns:android
		ADDED from src\main\AndroidManifest.xml:2:11-69
	package
		ADDED from src\main\AndroidManifest.xml:3:5-66
		INJECTED from src\main\AndroidManifest.xml
		INJECTED from src\main\AndroidManifest.xml
	android:versionName
		INJECTED from src\main\AndroidManifest.xml
		INJECTED from src\main\AndroidManifest.xml
	android:versionCode
		INJECTED from src\main\AndroidManifest.xml
		INJECTED from src\main\AndroidManifest.xml
uses-permission#com.android.launcher.permission.READ_SETTINGS
ADDED from src\main\AndroidManifest.xml:5:5-85
	android:name
		ADDED from src\main\AndroidManifest.xml:5:22-82
uses-permission#android.permission.ACCESS_COARSE_LOCATION
ADDED from src\main\AndroidManifest.xml:7:5-81
	android:name
		ADDED from src\main\AndroidManifest.xml:7:22-78
uses-permission#android.permission.ACCESS_FINE_LOCATION
ADDED from src\main\AndroidManifest.xml:9:5-79
	android:name
		ADDED from src\main\AndroidManifest.xml:9:22-76
uses-permission#android.permission.ACCESS_WIFI_STATE
ADDED from src\main\AndroidManifest.xml:11:5-76
	android:name
		ADDED from src\main\AndroidManifest.xml:11:22-73
uses-permission#android.permission.ACCESS_NETWORK_STATE
ADDED from src\main\AndroidManifest.xml:13:5-79
	android:name
		ADDED from src\main\AndroidManifest.xml:13:22-76
uses-permission#android.permission.READ_PHONE_STATE
ADDED from src\main\AndroidManifest.xml:15:5-75
	android:name
		ADDED from src\main\AndroidManifest.xml:15:22-72
uses-permission#android.permission.WRITE_EXTERNAL_STORAGE
ADDED from src\main\AndroidManifest.xml:17:5-81
	android:name
		ADDED from src\main\AndroidManifest.xml:17:22-78
uses-permission#android.permission.INTERNET
ADDED from src\main\AndroidManifest.xml:19:5-67
	android:name
		ADDED from src\main\AndroidManifest.xml:19:22-64
application
ADDED from src\main\AndroidManifest.xml:21:5-60:19
MERGED from [com.android.support:design:23.1.0] AndroidManifest.xml:22:5-20
MERGED from [com.android.support:appcompat-v7:23.1.0] AndroidManifest.xml:22:5-20
MERGED from [com.android.support:support-v4:23.1.0] AndroidManifest.xml:22:5-20
MERGED from [com.android.support:support-v4:23.1.0] AndroidManifest.xml:22:5-20
MERGED from [com.android.support:support-v4:23.1.0] AndroidManifest.xml:22:5-20
	android:label
		ADDED from src\main\AndroidManifest.xml:25:9-41
	android:allowBackup
		ADDED from src\main\AndroidManifest.xml:23:9-35
	android:icon
		ADDED from src\main\AndroidManifest.xml:24:9-39
	android:theme
		ADDED from src\main\AndroidManifest.xml:26:9-57
	android:name
		ADDED from src\main\AndroidManifest.xml:22:9-79
meta-data#com.baidu.lbsapi.API_KEY
ADDED from src\main\AndroidManifest.xml:27:9-29:64
	android:name
		ADDED from src\main\AndroidManifest.xml:28:13-52
	android:value
		ADDED from src\main\AndroidManifest.xml:29:13-61
activity#com.ruanchuang.massorganizationsignin.SplashActivity
ADDED from src\main\AndroidManifest.xml:30:9-36:20
	android:theme
		ADDED from src\main\AndroidManifest.xml:31:9-65
	android:name
		ADDED from src\main\AndroidManifest.xml:30:19-86
intent-filter#android.intent.action.MAIN+android.intent.category.LAUNCHER
ADDED from src\main\AndroidManifest.xml:32:13-35:29
action#android.intent.action.MAIN
ADDED from src\main\AndroidManifest.xml:33:17-69
	android:name
		ADDED from src\main\AndroidManifest.xml:33:25-66
category#android.intent.category.LAUNCHER
ADDED from src\main\AndroidManifest.xml:34:17-77
	android:name
		ADDED from src\main\AndroidManifest.xml:34:27-74
activity#com.ruanchuang.massorganizationsignin.HomeActivity
ADDED from src\main\AndroidManifest.xml:37:9-40:20
	android:theme
		ADDED from src\main\AndroidManifest.xml:39:13-44
	android:name
		ADDED from src\main\AndroidManifest.xml:38:13-78
activity#com.ruanchuang.massorganizationsignin.LognInActivity
ADDED from src\main\AndroidManifest.xml:42:9-89
	android:name
		ADDED from src\main\AndroidManifest.xml:42:19-86
activity#com.ruanchuang.massorganizationsignin.AndroidActivity
ADDED from src\main\AndroidManifest.xml:43:9-90
	android:name
		ADDED from src\main\AndroidManifest.xml:43:19-87
activity#com.ruanchuang.massorganizationsignin.XingZhengActivity
ADDED from src\main\AndroidManifest.xml:44:9-92
	android:name
		ADDED from src\main\AndroidManifest.xml:44:19-89
activity#com.ruanchuang.massorganizationsignin.PHPActivity
ADDED from src\main\AndroidManifest.xml:45:9-86
	android:name
		ADDED from src\main\AndroidManifest.xml:45:19-83
activity#com.ruanchuang.massorganizationsignin.ShiPinActivity
ADDED from src\main\AndroidManifest.xml:46:9-89
	android:name
		ADDED from src\main\AndroidManifest.xml:46:19-86
activity#com.ruanchuang.massorganizationsignin.JavaActivity
ADDED from src\main\AndroidManifest.xml:47:9-87
	android:name
		ADDED from src\main\AndroidManifest.xml:47:19-84
activity#com.ruanchuang.massorganizationsignin.NetActivity
ADDED from src\main\AndroidManifest.xml:48:9-86
	android:name
		ADDED from src\main\AndroidManifest.xml:48:19-83
activity#com.ruanchuang.massorganizationsignin.MeiGongActivity
ADDED from src\main\AndroidManifest.xml:49:9-90
	android:name
		ADDED from src\main\AndroidManifest.xml:49:19-87
activity#com.ruanchuang.massorganizationsignin.AboutWeActivity
ADDED from src\main\AndroidManifest.xml:51:9-90
	android:name
		ADDED from src\main\AndroidManifest.xml:51:19-87
activity#com.ruanchuang.massorganizationsignin.LeaveActivity
ADDED from src\main\AndroidManifest.xml:52:9-88
	android:name
		ADDED from src\main\AndroidManifest.xml:52:19-85
activity#com.ruanchuang.massorganizationsignin.SignActivity
ADDED from src\main\AndroidManifest.xml:53:9-87
	android:name
		ADDED from src\main\AndroidManifest.xml:53:19-84
activity#com.ruanchuang.massorganizationsignin.SettingActivity
ADDED from src\main\AndroidManifest.xml:54:9-90
	android:name
		ADDED from src\main\AndroidManifest.xml:54:19-87
activity#com.ruanchuang.massorganizationsignin.RegisterActivity
ADDED from src\main\AndroidManifest.xml:56:9-91
	android:name
		ADDED from src\main\AndroidManifest.xml:56:19-88
activity#com.ruanchuang.massorganizationsignin.HelloActivity
ADDED from src\main\AndroidManifest.xml:57:9-58:71
	android:theme
		ADDED from src\main\AndroidManifest.xml:58:13-69
	android:name
		ADDED from src\main\AndroidManifest.xml:57:19-85
uses-sdk
INJECTED from src\main\AndroidManifest.xml reason: use-sdk injection requested
MERGED from [com.android.support:design:23.1.0] AndroidManifest.xml:20:5-43
MERGED from [com.android.support:appcompat-v7:23.1.0] AndroidManifest.xml:20:5-43
MERGED from [com.android.support:support-v4:23.1.0] AndroidManifest.xml:20:5-43
MERGED from [com.android.support:recyclerview-v7:23.1.0] AndroidManifest.xml:20:5-43
MERGED from [com.android.support:support-v4:23.1.0] AndroidManifest.xml:20:5-43
MERGED from [com.android.support:support-v4:23.1.0] AndroidManifest.xml:20:5-43
	android:targetSdkVersion
		INJECTED from src\main\AndroidManifest.xml
		INJECTED from src\main\AndroidManifest.xml
	android:minSdkVersion
		INJECTED from src\main\AndroidManifest.xml
		INJECTED from src\main\AndroidManifest.xml